Arguments: 
  C:\Program Files\nodejs\node.exe C:\Users\Tijo Johny\AppData\Roaming\npm\node_modules\yarn\bin\yarn.js add @chakra-ui/react

PATH: 
  C:\WINDOWS\system32;C:\WINDOWS;C:\WINDOWS\System32\Wbem;C:\WINDOWS\System32\WindowsPowerShell\v1.0\;C:\WINDOWS\System32\OpenSSH\;C:\Program Files\nodejs\;C:\Program Files\Git\cmd;C:\Users\Tijo Johny\AppData\Local\Microsoft\WindowsApps;C:\Users\Tijo Johny\AppData\Local\Programs\Microsoft VS Code\bin;C:\Program Files\MongoDB\Server\5.0\bin;C:\Users\Tijo Johny\AppData\Roaming\npm;C:\Users\Tijo Johny\AppData\Local\GitHubDesktop\bin;

Yarn version: 
  1.22.17

Node version: 
  16.14.0

Platform: 
  win32 x64

Trace: 
  Error: getaddrinfo EAI_AGAIN registry.yarnpkg.com
      at GetAddrInfoReqWrap.onlookup [as oncomplete] (node:dns:71:26)

npm manifest: 
  {
    "name": "nft-user",
    "private": true,
    "scripts": {
      "dev": "next dev",
      "build": "next build",
      "start": "NODE_ENV=production nodemon server.js",
      "format": "prettier --write \"**/*.{js,jsx,ts,tsx,json,md}\"",
      "lint": "eslint --ignore-path .eslintignore . --ext ts --ext tsx --ext js --ext jsx",
      "lint:fix": "yarn format & next lint --dir src",
      "clean-cache": "rimraf .next",
      "clean": "rimraf node_modules"
    },
    "dependencies": {
      "@coinbase/wallet-sdk": "^3.6.4",
      "@nextui-org/react": "^1.0.0-beta.10",
      "@sentry/nextjs": "^7.19.0",
      "@walletconnect/web3-provider": "^1.7.3",
      "@web3-react/core": "^6.1.9",
      "@web3-react/injected-connector": "^6.0.7",
      "@web3-react/walletconnect-connector": "^6.2.13",
      "@web3-react/walletlink-connector": "^6.2.14",
      "@web3auth/web3auth": "^0.3.3",
      "axios": "^0.26.0",
      "bignumber.js": "^9.1.1",
      "bootstrap": "5.1.3",
      "clsx": "^1.1.1",
      "cross-env": "^7.0.3",
      "dompurify": "^2.4.1",
      "ethers": "^5.7.2",
      "flatted": "^3.2.7",
      "framer-motion": "^6.2.6",
      "gray-matter": "^4.0.3",
      "isomorphic-dompurify": "^0.24.0",
      "magic-sdk": "^8.0.1",
      "marked": "^4.0.12",
      "moment": "^2.29.4",
      "moralis": "1.8.0",
      "next": "12.0.7",
      "next-redux-wrapper": "^7.0.5",
      "next-themes": "^0.1.1",
      "nodemon": "^2.0.19",
      "prop-types": "^15.7.2",
      "react": "17.0.2",
      "react-bootstrap": "^2.1.1",
      "react-confetti": "^6.1.0",
      "react-content-loader": "^6.2.0",
      "react-countdown": "^2.3.2",
      "react-countup": "^6.1.1",
      "react-dom": "17.0.2",
      "react-flatpickr": "^3.10.13",
      "react-google-recaptcha": "^2.1.0",
      "react-hook-form": "^7.27.1",
      "react-intersection-observer": "^8.33.1",
      "react-loading": "^2.0.3",
      "react-loading-skeleton": "^3.1.0",
      "react-moment": "^1.1.2",
      "react-moralis": "1.4.0",
      "react-range": "^1.8.12",
      "react-redux": "^8.0.0",
      "react-scroll": "^1.8.6",
      "react-slick": "^0.28.1",
      "react-toastify": "^8.2.0",
      "react-top-loading-bar": "^2.1.0",
      "react-tsparticles": "^1.39.0",
      "react-use": "^17.3.2",
      "redux": "^4.2.0",
      "redux-persist": "^6.0.0",
      "redux-thunk": "^2.4.1",
      "remark": "^14.0.2",
      "remark-html": "^15.0.1",
      "sal.js": "^0.8.5",
      "sass": "^1.45.0",
      "sharp": "^0.30.6",
      "socket.io-client": "^4.5.4",
      "sweetalert": "^2.1.2",
      "sweetalert2": "^11.4.24",
      "wagmi": "^0.11.7",
      "web3": "^1.7.1",
      "web3modal": "^1.9.12"
    },
    "devDependencies": {
      "@babel/core": "^7.16.0",
      "@babel/preset-react": "^7.16.0",
      "eslint": "8.19.0",
      "eslint-config-next": "12.2.2",
      "rimraf": "^3.0.2"
    }
  }

yarn manifest: 
  No manifest

Lockfile: 
  No lockfile
